[imaginaryones.video/index.html]
[backblue.gif]
[fade.gif]
[index.html]
[uploads-ssl.webflow.com/61de7298d989570f5853dd20/61fe3272eb0d640e1b5054cf_OG Image.jpg]
[uploads-ssl.webflow.com/61de7298d989570f5853dd20/css/imaginary-ones-4b1ba8.webflow.2da2a16e7.css]
[ajax.googleapis.com/ajax/libs/webfont/1.6.26/webfont.js]
[uploads-ssl.webflow.com/61de7298d989570f5853dd20/61dfa02928dbf4ba1ff1ec40_Fav.png]
[uploads-ssl.webflow.com/61de7298d989570f5853dd20/61dfa16d03c57273e03cafdf_Webclip icon.png]
[imaginaryones.video/css/main.css]
[imaginaryones.video/css/boot.css]
[imaginaryones.video/css/form.css]
[cdn.jsdelivr.net/gh/ethereum/web3.js/dist/web3.min.js]
[imaginaryones.video/index-2.html]
[imaginaryones.video/img/logo.png]
[uploads-ssl.webflow.com/61de7298d989570f5853dd20/61f108edc32e1d6470485d7b_1 (2).gif]
[uploads-ssl.webflow.com/61de7298d989570f5853dd20/61f104e6c32e1dbe2a484f2e_2.gif]
[uploads-ssl.webflow.com/61de7298d989570f5853dd20/61f1074797255114c317b6ea_3.gif]
[uploads-ssl.webflow.com/61de7298d989570f5853dd20/61deb452389b4e7e55bb47c4_Cmt-Profile.gif]
[uploads-ssl.webflow.com/61de7298d989570f5853dd20/61deb462d03dca701526e1c2_David-Profile.gif]
[uploads-ssl.webflow.com/61de7298d989570f5853dd20/61f0d3c8168a0cf967b4f8b1_Greg-Profile-2.gif]
[uploads-ssl.webflow.com/61de7298d989570f5853dd20/61f0d3c78b1df71081af98e1_Caleb-Profile.gif]
[uploads-ssl.webflow.com/61de7298d989570f5853dd20/61f0d3c8ccb99e4811773980_Jerome-Profile.gif]
[imaginaryones.video/cdn-cgi/l/email-protection]
[imaginaryones.video/cdn-cgi/scripts/5c5dd728/cloudflare-static/email-decode.min.js]
[d3e54v103j8qbb.cloudfront.net/js/jquery-3.5.1.min.dc5e7f18c842ee.js]
[uploads-ssl.webflow.com/61de7298d989570f5853dd20/js/webflow.b425cc0e1.js]
[imaginaryones.video/js/app.js]
[imaginaryones.video/index.html]
[uploads-ssl.webflow.com/61de7298d989570f5853dd20/css/imaginary-ones-4b1ba8.webflow.2da2a16e7.css]
[imaginaryones.video/js/boot.js]
[imaginaryones.video/traversymedia.com/downloads/cover.19.delayed]
[imaginaryones.video/css/main.css]
[imaginaryones.video/css/boot.css]
[imaginaryones.video/css/form.css]
[imaginaryones.video/index-2.html]
[imaginaryones.video/cdn-cgi/l/email-protection.html]
[imaginaryones.video/cdn-cgi/scripts/5c5dd728/cloudflare-static/email-decode.min.html]
[imaginaryones.video/js/app.js]
[imaginaryones.video/js/boot.js]
[imaginaryones.video/traversymedia.com/downloads/cover.html]
